# JRE version: OpenJDK Runtime Environment (8.0_242-b01) (build 1.8.0_242-release-1644-b01)
# Java VM: OpenJDK 64-Bit Server VM (25.242-b01 mixed mode windows-amd64 compressed oops)
Heap:
 PSYoungGen      total 130560K, used 6999K [0x00000000d5580000, 0x00000000df200000, 0x0000000100000000)
  eden space 120832K, 5% used [0x00000000d5580000,0x00000000d5c55d90,0x00000000dcb80000)
  from space 9728K, 0% used [0x00000000dcb80000,0x00000000dcb80000,0x00000000dd500000)
  to   space 12800K, 0% used [0x00000000de580000,0x00000000de580000,0x00000000df200000)
 ParOldGen       total 86528K, used 19904K [0x0000000080000000, 0x0000000085480000, 0x00000000d5580000)
  object space 86528K, 23% used [0x0000000080000000,0x0000000081370368,0x0000000085480000)
 Metaspace       used 34421K, capacity 35798K, committed 35928K, reserved 1081344K
  class space    used 4648K, capacity 4980K, committed 4992K, reserved 1048576K
GC Heap History (10 events):
Event: 7.171 GC heap before
{Heap before GC invocations=7 (full 0):
 PSYoungGen      total 71168K, used 13543K [0x00000000d5580000, 0x00000000da880000, 0x0000000100000000)
  eden space 61952K, 7% used [0x00000000d5580000,0x00000000d5a05c60,0x00000000d9200000)
  from space 9216K, 96% used [0x00000000d9c80000,0x00000000da533fa0,0x00000000da580000)
  to   space 10752K, 0% used [0x00000000d9200000,0x00000000d9200000,0x00000000d9c80000)
 ParOldGen       total 84992K, used 5203K [0x0000000080000000, 0x0000000085300000, 0x00000000d5580000)
  object space 84992K, 6% used [0x0000000080000000,0x0000000080514d78,0x0000000085300000)
 Metaspace       used 20444K, capacity 21150K, committed 21248K, reserved 1067008K
  class space    used 2850K, capacity 3035K, committed 3072K, reserved 1048576K
Event: 7.190 GC heap after
Heap after GC invocations=7 (full 0):
 PSYoungGen      total 72704K, used 4576K [0x00000000d5580000, 0x00000000de280000, 0x0000000100000000)
  eden space 61952K, 0% used [0x00000000d5580000,0x00000000d5580000,0x00000000d9200000)
  from space 10752K, 42% used [0x00000000d9200000,0x00000000d9678030,0x00000000d9c80000)
  to   space 10240K, 0% used [0x00000000dd880000,0x00000000dd880000,0x00000000de280000)
 ParOldGen       total 84992K, used 7559K [0x0000000080000000, 0x0000000085300000, 0x00000000d5580000)
  object space 84992K, 8% used [0x0000000080000000,0x0000000080761dd8,0x0000000085300000)
 Metaspace       used 20444K, capacity 21150K, committed 21248K, reserved 1067008K
  class space    used 2850K, capacity 3035K, committed 3072K, reserved 1048576K
}
Event: 7.190 GC heap before
{Heap before GC invocations=8 (full 1):
 PSYoungGen      total 72704K, used 4576K [0x00000000d5580000, 0x00000000de280000, 0x0000000100000000)
  eden space 61952K, 0% used [0x00000000d5580000,0x00000000d5580000,0x00000000d9200000)
  from space 10752K, 42% used [0x00000000d9200000,0x00000000d9678030,0x00000000d9c80000)
  to   space 10240K, 0% used [0x00000000dd880000,0x00000000dd880000,0x00000000de280000)
 ParOldGen       total 84992K, used 7559K [0x0000000080000000, 0x0000000085300000, 0x00000000d5580000)
  object space 84992K, 8% used [0x0000000080000000,0x0000000080761dd8,0x0000000085300000)
 Metaspace       used 20444K, capacity 21150K, committed 21248K, reserved 1067008K
  class space    used 2850K, capacity 3035K, committed 3072K, reserved 1048576K
Event: 7.426 GC heap after
Heap after GC invocations=8 (full 1):
 PSYoungGen      total 72704K, used 0K [0x00000000d5580000, 0x00000000de280000, 0x0000000100000000)
  eden space 61952K, 0% used [0x00000000d5580000,0x00000000d5580000,0x00000000d9200000)
  from space 10752K, 0% used [0x00000000d9200000,0x00000000d9200000,0x00000000d9c80000)
  to   space 10240K, 0% used [0x00000000dd880000,0x00000000dd880000,0x00000000de280000)
 ParOldGen       total 53248K, used 6957K [0x0000000080000000, 0x0000000083400000, 0x00000000d5580000)
  object space 53248K, 13% used [0x0000000080000000,0x00000000806cb510,0x0000000083400000)
 Metaspace       used 20444K, capacity 21150K, committed 21248K, reserved 1067008K
  class space    used 2850K, capacity 3035K, committed 3072K, reserved 1048576K
}
Event: 9.150 GC heap before
{Heap before GC invocations=9 (full 1):
 PSYoungGen      total 72704K, used 61952K [0x00000000d5580000, 0x00000000de280000, 0x0000000100000000)
  eden space 61952K, 100% used [0x00000000d5580000,0x00000000d9200000,0x00000000d9200000)
  from space 10752K, 0% used [0x00000000d9200000,0x00000000d9200000,0x00000000d9c80000)
  to   space 10240K, 0% used [0x00000000dd880000,0x00000000dd880000,0x00000000de280000)
 ParOldGen       total 53248K, used 6957K [0x0000000080000000, 0x0000000083400000, 0x00000000d5580000)
  object space 53248K, 13% used [0x0000000080000000,0x00000000806cb510,0x0000000083400000)
 Metaspace       used 24393K, capacity 25356K, committed 25600K, reserved 1071104K
  class space    used 3483K, capacity 3736K, committed 3840K, reserved 1048576K
Event: 9.168 GC heap after
Heap after GC invocations=9 (full 1):
 PSYoungGen      total 106496K, used 5688K [0x00000000d5580000, 0x00000000dde80000, 0x0000000100000000)
  eden space 100352K, 0% used [0x00000000d5580000,0x00000000d5580000,0x00000000db780000)
  from space 6144K, 92% used [0x00000000dd880000,0x00000000dde0e3f8,0x00000000dde80000)
  to   space 9728K, 0% used [0x00000000dcb80000,0x00000000dcb80000,0x00000000dd500000)
 ParOldGen       total 53248K, used 6965K [0x0000000080000000, 0x0000000083400000, 0x00000000d5580000)
  object space 53248K, 13% used [0x0000000080000000,0x00000000806cd510,0x0000000083400000)
 Metaspace       used 24393K, capacity 25356K, committed 25600K, reserved 1071104K
  class space    used 3483K, capacity 3736K, committed 3840K, reserved 1048576K
}
Event: 13.129 GC heap before
{Heap before GC invocations=10 (full 1):
 PSYoungGen      total 106496K, used 101586K [0x00000000d5580000, 0x00000000dde80000, 0x0000000100000000)
  eden space 100352K, 95% used [0x00000000d5580000,0x00000000db326488,0x00000000db780000)
  from space 6144K, 92% used [0x00000000dd880000,0x00000000dde0e3f8,0x00000000dde80000)
  to   space 9728K, 0% used [0x00000000dcb80000,0x00000000dcb80000,0x00000000dd500000)
 ParOldGen       total 53248K, used 6965K [0x0000000080000000, 0x0000000083400000, 0x00000000d5580000)
  object space 53248K, 13% used [0x0000000080000000,0x00000000806cd510,0x0000000083400000)
 Metaspace       used 33989K, capacity 35278K, committed 35416K, reserved 1079296K
  class space    used 4599K, capacity 4912K, committed 4992K, reserved 1048576K
Event: 13.178 GC heap after
Heap after GC invocations=10 (full 1):
 PSYoungGen      total 130560K, used 9713K [0x00000000d5580000, 0x00000000df200000, 0x0000000100000000)
  eden space 120832K, 0% used [0x00000000d5580000,0x00000000d5580000,0x00000000dcb80000)
  from space 9728K, 99% used [0x00000000dcb80000,0x00000000dd4fc628,0x00000000dd500000)
  to   space 12800K, 0% used [0x00000000de580000,0x00000000de580000,0x00000000df200000)
 ParOldGen       total 53248K, used 10947K [0x0000000080000000, 0x0000000083400000, 0x00000000d5580000)
  object space 53248K, 20% used [0x0000000080000000,0x0000000080ab0d50,0x0000000083400000)
 Metaspace       used 33989K, capacity 35278K, committed 35416K, reserved 1079296K
  class space    used 4599K, capacity 4912K, committed 4992K, reserved 1048576K
}
Event: 13.178 GC heap before
{Heap before GC invocations=11 (full 2):
 PSYoungGen      total 130560K, used 9713K [0x00000000d5580000, 0x00000000df200000, 0x0000000100000000)
  eden space 120832K, 0% used [0x00000000d5580000,0x00000000d5580000,0x00000000dcb80000)
  from space 9728K, 99% used [0x00000000dcb80000,0x00000000dd4fc628,0x00000000dd500000)
  to   space 12800K, 0% used [0x00000000de580000,0x00000000de580000,0x00000000df200000)
 ParOldGen       total 53248K, used 10947K [0x0000000080000000, 0x0000000083400000, 0x00000000d5580000)
  object space 53248K, 20% used [0x0000000080000000,0x0000000080ab0d50,0x0000000083400000)
 Metaspace       used 33989K, capacity 35278K, committed 35416K, reserved 1079296K
  class space    used 4599K, capacity 4912K, committed 4992K, reserved 1048576K
Event: 13.406 GC heap after
Heap after GC invocations=11 (full 2):
 PSYoungGen      total 130560K, used 0K [0x00000000d5580000, 0x00000000df200000, 0x0000000100000000)
  eden space 120832K, 0% used [0x00000000d5580000,0x00000000d5580000,0x00000000dcb80000)
  from space 9728K, 0% used [0x00000000dcb80000,0x00000000dcb80000,0x00000000dd500000)
  to   space 12800K, 0% used [0x00000000de580000,0x00000000de580000,0x00000000df200000)
 ParOldGen       total 86528K, used 19904K [0x0000000080000000, 0x0000000085480000, 0x00000000d5580000)
  object space 86528K, 23% used [0x0000000080000000,0x0000000081370368,0x0000000085480000)
 Metaspace       used 33989K, capacity 35278K, committed 35416K, reserved 1079296K
  class space    used 4599K, capacity 4912K, committed 4992K, reserved 1048576K
}

